# JRE version: OpenJDK Runtime Environment Temurin-21.0.10+7 (21.0.10+7) (build 21.0.10+7-LTS)
# Java VM: OpenJDK 64-Bit Server VM Temurin-21.0.10+7 (21.0.10+7-LTS, mixed mode, sharing, tiered, compressed oops, compressed class ptrs, parallel gc, windows-amd64)
GC Precious Log:
 CardTable entry size: 512
 CPUs: 4 total, 4 available
 Memory: 16250M
 Large Page Support: Disabled
 NUMA Support: Disabled
 Compressed Oops: Enabled (32-bit)
 Alignments: Space 512K, Generation 512K, Heap 2M
 Heap Min Capacity: 100M
 Heap Initial Capacity: 100M
 Heap Max Capacity: 2G
 Pre-touch: Disabled
 Parallel Workers: 4
Heap:
 PSYoungGen      total 23552K, used 2953K [0x00000000d5580000, 0x00000000d7080000, 0x0000000100000000)
  eden space 22016K, 8% used [0x00000000d5580000,0x00000000d5744720,0x00000000d6b00000)
  from space 1536K, 74% used [0x00000000d6f00000,0x00000000d701e0b0,0x00000000d7080000)
  to   space 1536K, 0% used [0x00000000d6d80000,0x00000000d6d80000,0x00000000d6f00000)
 ParOldGen       total 68608K, used 14758K [0x0000000080000000, 0x0000000084300000, 0x00000000d5580000)
  object space 68608K, 21% used [0x0000000080000000,0x0000000080e699d0,0x0000000084300000)
 Metaspace       used 27598K, committed 28416K, reserved 1114112K
  class space    used 2669K, committed 3008K, reserved 1048576K
GC Heap History (20 events):
Event: 16.357 GC heap before
{Heap before GC invocations=4 (full 0):
 PSYoungGen      total 29696K, used 29680K [0x00000000d5580000, 0x00000000d7680000, 0x0000000100000000)
  eden space 25600K, 100% used [0x00000000d5580000,0x00000000d6e80000,0x00000000d6e80000)
  from space 4096K, 99% used [0x00000000d6e80000,0x00000000d727c1e8,0x00000000d7280000)
  to   space 4096K, 0% used [0x00000000d7280000,0x00000000d7280000,0x00000000d7680000)
 ParOldGen       total 68608K, used 4297K [0x0000000080000000, 0x0000000084300000, 0x00000000d5580000)
  object space 68608K, 6% used [0x0000000080000000,0x0000000080432728,0x0000000084300000)
 Metaspace       used 10166K, committed 10496K, reserved 1114112K
  class space    used 1047K, committed 1152K, reserved 1048576K
}
Event: 16.365 GC heap after
{Heap after GC invocations=4 (full 0):
 PSYoungGen      total 29696K, used 4077K [0x00000000d5580000, 0x00000000d7680000, 0x0000000100000000)
  eden space 25600K, 0% used [0x00000000d5580000,0x00000000d5580000,0x00000000d6e80000)
  from space 4096K, 99% used [0x00000000d7280000,0x00000000d767b718,0x00000000d7680000)
  to   space 4096K, 0% used [0x00000000d6e80000,0x00000000d6e80000,0x00000000d7280000)
 ParOldGen       total 68608K, used 5632K [0x0000000080000000, 0x0000000084300000, 0x00000000d5580000)
  object space 68608K, 8% used [0x0000000080000000,0x0000000080580200,0x0000000084300000)
 Metaspace       used 10166K, committed 10496K, reserved 1114112K
  class space    used 1047K, committed 1152K, reserved 1048576K
}
Event: 27.706 GC heap before
{Heap before GC invocations=5 (full 0):
 PSYoungGen      total 29696K, used 29675K [0x00000000d5580000, 0x00000000d7680000, 0x0000000100000000)
  eden space 25600K, 99% used [0x00000000d5580000,0x00000000d6e7f8b0,0x00000000d6e80000)
  from space 4096K, 99% used [0x00000000d7280000,0x00000000d767b718,0x00000000d7680000)
  to   space 4096K, 0% used [0x00000000d6e80000,0x00000000d6e80000,0x00000000d7280000)
 ParOldGen       total 68608K, used 5632K [0x0000000080000000, 0x0000000084300000, 0x00000000d5580000)
  object space 68608K, 8% used [0x0000000080000000,0x0000000080580200,0x0000000084300000)
 Metaspace       used 10672K, committed 11008K, reserved 1114112K
  class space    used 1085K, committed 1216K, reserved 1048576K
}
Event: 27.712 GC heap after
{Heap after GC invocations=5 (full 0):
 PSYoungGen      total 29184K, used 4091K [0x00000000d5580000, 0x00000000d7800000, 0x0000000100000000)
  eden space 25088K, 0% used [0x00000000d5580000,0x00000000d5580000,0x00000000d6e00000)
  from space 4096K, 99% used [0x00000000d6e80000,0x00000000d727eee0,0x00000000d7280000)
  to   space 5120K, 0% used [0x00000000d7300000,0x00000000d7300000,0x00000000d7800000)
 ParOldGen       total 68608K, used 5792K [0x0000000080000000, 0x0000000084300000, 0x00000000d5580000)
  object space 68608K, 8% used [0x0000000080000000,0x00000000805a8200,0x0000000084300000)
 Metaspace       used 10672K, committed 11008K, reserved 1114112K
  class space    used 1085K, committed 1216K, reserved 1048576K
}
Event: 28.803 GC heap before
{Heap before GC invocations=6 (full 0):
 PSYoungGen      total 29184K, used 29179K [0x00000000d5580000, 0x00000000d7800000, 0x0000000100000000)
  eden space 25088K, 100% used [0x00000000d5580000,0x00000000d6e00000,0x00000000d6e00000)
  from space 4096K, 99% used [0x00000000d6e80000,0x00000000d727eee0,0x00000000d7280000)
  to   space 5120K, 0% used [0x00000000d7300000,0x00000000d7300000,0x00000000d7800000)
 ParOldGen       total 68608K, used 5792K [0x0000000080000000, 0x0000000084300000, 0x00000000d5580000)
  object space 68608K, 8% used [0x0000000080000000,0x00000000805a8200,0x0000000084300000)
 Metaspace       used 14210K, committed 14784K, reserved 1114112K
  class space    used 1440K, committed 1664K, reserved 1048576K
}
Event: 28.808 GC heap after
{Heap after GC invocations=6 (full 0):
 PSYoungGen      total 29184K, used 5118K [0x00000000d5580000, 0x00000000d7980000, 0x0000000100000000)
  eden space 24064K, 0% used [0x00000000d5580000,0x00000000d5580000,0x00000000d6d00000)
  from space 5120K, 99% used [0x00000000d7300000,0x00000000d77ffb50,0x00000000d7800000)
  to   space 6144K, 0% used [0x00000000d6d00000,0x00000000d6d00000,0x00000000d7300000)
 ParOldGen       total 68608K, used 6408K [0x0000000080000000, 0x0000000084300000, 0x00000000d5580000)
  object space 68608K, 9% used [0x0000000080000000,0x0000000080642210,0x0000000084300000)
 Metaspace       used 14210K, committed 14784K, reserved 1114112K
  class space    used 1440K, committed 1664K, reserved 1048576K
}
Event: 29.447 GC heap before
{Heap before GC invocations=7 (full 0):
 PSYoungGen      total 29184K, used 29182K [0x00000000d5580000, 0x00000000d7980000, 0x0000000100000000)
  eden space 24064K, 100% used [0x00000000d5580000,0x00000000d6d00000,0x00000000d6d00000)
  from space 5120K, 99% used [0x00000000d7300000,0x00000000d77ffb50,0x00000000d7800000)
  to   space 6144K, 0% used [0x00000000d6d00000,0x00000000d6d00000,0x00000000d7300000)
 ParOldGen       total 68608K, used 6408K [0x0000000080000000, 0x0000000084300000, 0x00000000d5580000)
  object space 68608K, 9% used [0x0000000080000000,0x0000000080642210,0x0000000084300000)
 Metaspace       used 17689K, committed 18304K, reserved 1114112K
  class space    used 1805K, committed 2048K, reserved 1048576K
}
Event: 29.457 GC heap after
{Heap after GC invocations=7 (full 0):
 PSYoungGen      total 28672K, used 4731K [0x00000000d5580000, 0x00000000d7680000, 0x0000000100000000)
  eden space 23552K, 0% used [0x00000000d5580000,0x00000000d5580000,0x00000000d6c80000)
  from space 5120K, 92% used [0x00000000d6d00000,0x00000000d719ed10,0x00000000d7200000)
  to   space 4608K, 0% used [0x00000000d7200000,0x00000000d7200000,0x00000000d7680000)
 ParOldGen       total 68608K, used 7652K [0x0000000080000000, 0x0000000084300000, 0x00000000d5580000)
  object space 68608K, 11% used [0x0000000080000000,0x00000000807791f0,0x0000000084300000)
 Metaspace       used 17689K, committed 18304K, reserved 1114112K
  class space    used 1805K, committed 2048K, reserved 1048576K
}
Event: 30.010 GC heap before
{Heap before GC invocations=8 (full 0):
 PSYoungGen      total 28672K, used 28283K [0x00000000d5580000, 0x00000000d7680000, 0x0000000100000000)
  eden space 23552K, 100% used [0x00000000d5580000,0x00000000d6c80000,0x00000000d6c80000)
  from space 5120K, 92% used [0x00000000d6d00000,0x00000000d719ed10,0x00000000d7200000)
  to   space 4608K, 0% used [0x00000000d7200000,0x00000000d7200000,0x00000000d7680000)
 ParOldGen       total 68608K, used 7652K [0x0000000080000000, 0x0000000084300000, 0x00000000d5580000)
  object space 68608K, 11% used [0x0000000080000000,0x00000000807791f0,0x0000000084300000)
 Metaspace       used 19706K, committed 20416K, reserved 1114112K
  class space    used 2035K, committed 2304K, reserved 1048576K
}
Event: 30.017 GC heap after
{Heap after GC invocations=8 (full 0):
 PSYoungGen      total 27648K, used 4557K [0x00000000d5580000, 0x00000000d7680000, 0x0000000100000000)
  eden space 23040K, 0% used [0x00000000d5580000,0x00000000d5580000,0x00000000d6c00000)
  from space 4608K, 98% used [0x00000000d7200000,0x00000000d7673530,0x00000000d7680000)
  to   space 5120K, 0% used [0x00000000d6c80000,0x00000000d6c80000,0x00000000d7180000)
 ParOldGen       total 68608K, used 8226K [0x0000000080000000, 0x0000000084300000, 0x00000000d5580000)
  object space 68608K, 11% used [0x0000000080000000,0x0000000080808970,0x0000000084300000)
 Metaspace       used 19706K, committed 20416K, reserved 1114112K
  class space    used 2035K, committed 2304K, reserved 1048576K
}
Event: 30.161 GC heap before
{Heap before GC invocations=9 (full 0):
 PSYoungGen      total 27648K, used 11800K [0x00000000d5580000, 0x00000000d7680000, 0x0000000100000000)
  eden space 23040K, 31% used [0x00000000d5580000,0x00000000d5c92d50,0x00000000d6c00000)
  from space 4608K, 98% used [0x00000000d7200000,0x00000000d7673530,0x00000000d7680000)
  to   space 5120K, 0% used [0x00000000d6c80000,0x00000000d6c80000,0x00000000d7180000)
 ParOldGen       total 68608K, used 8226K [0x0000000080000000, 0x0000000084300000, 0x00000000d5580000)
  object space 68608K, 11% used [0x0000000080000000,0x0000000080808970,0x0000000084300000)
 Metaspace       used 20793K, committed 21504K, reserved 1114112K
  class space    used 2123K, committed 2432K, reserved 1048576K
}
Event: 30.165 GC heap after
{Heap after GC invocations=9 (full 0):
 PSYoungGen      total 26624K, used 3296K [0x00000000d5580000, 0x00000000d7400000, 0x0000000100000000)
  eden space 23040K, 0% used [0x00000000d5580000,0x00000000d5580000,0x00000000d6c00000)
  from space 3584K, 91% used [0x00000000d6c80000,0x00000000d6fb81c0,0x00000000d7000000)
  to   space 4096K, 0% used [0x00000000d7000000,0x00000000d7000000,0x00000000d7400000)
 ParOldGen       total 68608K, used 10035K [0x0000000080000000, 0x0000000084300000, 0x00000000d5580000)
  object space 68608K, 14% used [0x0000000080000000,0x00000000809ccd50,0x0000000084300000)
 Metaspace       used 20793K, committed 21504K, reserved 1114112K
  class space    used 2123K, committed 2432K, reserved 1048576K
}
Event: 30.165 GC heap before
{Heap before GC invocations=10 (full 1):
 PSYoungGen      total 26624K, used 3296K [0x00000000d5580000, 0x00000000d7400000, 0x0000000100000000)
  eden space 23040K, 0% used [0x00000000d5580000,0x00000000d5580000,0x00000000d6c00000)
  from space 3584K, 91% used [0x00000000d6c80000,0x00000000d6fb81c0,0x00000000d7000000)
  to   space 4096K, 0% used [0x00000000d7000000,0x00000000d7000000,0x00000000d7400000)
 ParOldGen       total 68608K, used 10035K [0x0000000080000000, 0x0000000084300000, 0x00000000d5580000)
  object space 68608K, 14% used [0x0000000080000000,0x00000000809ccd50,0x0000000084300000)
 Metaspace       used 20793K, committed 21504K, reserved 1114112K
  class space    used 2123K, committed 2432K, reserved 1048576K
}
Event: 30.222 GC heap after
{Heap after GC invocations=10 (full 1):
 PSYoungGen      total 26624K, used 0K [0x00000000d5580000, 0x00000000d7400000, 0x0000000100000000)
  eden space 23040K, 0% used [0x00000000d5580000,0x00000000d5580000,0x00000000d6c00000)
  from space 3584K, 0% used [0x00000000d6c80000,0x00000000d6c80000,0x00000000d7000000)
  to   space 4096K, 0% used [0x00000000d7000000,0x00000000d7000000,0x00000000d7400000)
 ParOldGen       total 68608K, used 12803K [0x0000000080000000, 0x0000000084300000, 0x00000000d5580000)
  object space 68608K, 18% used [0x0000000080000000,0x0000000080c80e30,0x0000000084300000)
 Metaspace       used 20780K, committed 21504K, reserved 1114112K
  class space    used 2120K, committed 2432K, reserved 1048576K
}
Event: 30.456 GC heap before
{Heap before GC invocations=11 (full 1):
 PSYoungGen      total 26624K, used 23040K [0x00000000d5580000, 0x00000000d7400000, 0x0000000100000000)
  eden space 23040K, 100% used [0x00000000d5580000,0x00000000d6c00000,0x00000000d6c00000)
  from space 3584K, 0% used [0x00000000d6c80000,0x00000000d6c80000,0x00000000d7000000)
  to   space 4096K, 0% used [0x00000000d7000000,0x00000000d7000000,0x00000000d7400000)
 ParOldGen       total 68608K, used 12803K [0x0000000080000000, 0x0000000084300000, 0x00000000d5580000)
  object space 68608K, 18% used [0x0000000080000000,0x0000000080c80e30,0x0000000084300000)
 Metaspace       used 23109K, committed 23872K, reserved 1114112K
  class space    used 2264K, committed 2560K, reserved 1048576K
}
Event: 30.457 GC heap after
{Heap after GC invocations=11 (full 1):
 PSYoungGen      total 23040K, used 252K [0x00000000d5580000, 0x00000000d7080000, 0x0000000100000000)
  eden space 22528K, 0% used [0x00000000d5580000,0x00000000d5580000,0x00000000d6b80000)
  from space 512K, 49% used [0x00000000d7000000,0x00000000d703f0b0,0x00000000d7080000)
  to   space 1536K, 0% used [0x00000000d6d80000,0x00000000d6d80000,0x00000000d6f00000)
 ParOldGen       total 68608K, used 12811K [0x0000000080000000, 0x0000000084300000, 0x00000000d5580000)
  object space 68608K, 18% used [0x0000000080000000,0x0000000080c82e30,0x0000000084300000)
 Metaspace       used 23109K, committed 23872K, reserved 1114112K
  class space    used 2264K, committed 2560K, reserved 1048576K
}
Event: 30.694 GC heap before
{Heap before GC invocations=12 (full 1):
 PSYoungGen      total 23040K, used 22780K [0x00000000d5580000, 0x00000000d7080000, 0x0000000100000000)
  eden space 22528K, 100% used [0x00000000d5580000,0x00000000d6b80000,0x00000000d6b80000)
  from space 512K, 49% used [0x00000000d7000000,0x00000000d703f0b0,0x00000000d7080000)
  to   space 1536K, 0% used [0x00000000d6d80000,0x00000000d6d80000,0x00000000d6f00000)
 ParOldGen       total 68608K, used 12811K [0x0000000080000000, 0x0000000084300000, 0x00000000d5580000)
  object space 68608K, 18% used [0x0000000080000000,0x0000000080c82e30,0x0000000084300000)
 Metaspace       used 25524K, committed 26304K, reserved 1114112K
  class space    used 2454K, committed 2752K, reserved 1048576K
}
Event: 30.697 GC heap after
{Heap after GC invocations=12 (full 1):
 PSYoungGen      total 23552K, used 1233K [0x00000000d5580000, 0x00000000d7080000, 0x0000000100000000)
  eden space 22016K, 0% used [0x00000000d5580000,0x00000000d5580000,0x00000000d6b00000)
  from space 1536K, 80% used [0x00000000d6d80000,0x00000000d6eb4658,0x00000000d6f00000)
  to   space 1536K, 0% used [0x00000000d6f00000,0x00000000d6f00000,0x00000000d7080000)
 ParOldGen       total 68608K, used 13669K [0x0000000080000000, 0x0000000084300000, 0x00000000d5580000)
  object space 68608K, 19% used [0x0000000080000000,0x0000000080d59428,0x0000000084300000)
 Metaspace       used 25524K, committed 26304K, reserved 1114112K
  class space    used 2454K, committed 2752K, reserved 1048576K
}
Event: 31.438 GC heap before
{Heap before GC invocations=13 (full 1):
 PSYoungGen      total 23552K, used 23249K [0x00000000d5580000, 0x00000000d7080000, 0x0000000100000000)
  eden space 22016K, 100% used [0x00000000d5580000,0x00000000d6b00000,0x00000000d6b00000)
  from space 1536K, 80% used [0x00000000d6d80000,0x00000000d6eb4658,0x00000000d6f00000)
  to   space 1536K, 0% used [0x00000000d6f00000,0x00000000d6f00000,0x00000000d7080000)
 ParOldGen       total 68608K, used 13669K [0x0000000080000000, 0x0000000084300000, 0x00000000d5580000)
  object space 68608K, 19% used [0x0000000080000000,0x0000000080d59428,0x0000000084300000)
 Metaspace       used 27423K, committed 28288K, reserved 1114112K
  class space    used 2643K, committed 3008K, reserved 1048576K
}
Event: 31.440 GC heap after
{Heap after GC invocations=13 (full 1):
 PSYoungGen      total 23552K, used 1144K [0x00000000d5580000, 0x00000000d7080000, 0x0000000100000000)
  eden space 22016K, 0% used [0x00000000d5580000,0x00000000d5580000,0x00000000d6b00000)
  from space 1536K, 74% used [0x00000000d6f00000,0x00000000d701e0b0,0x00000000d7080000)
  to   space 1536K, 0% used [0x00000000d6d80000,0x00000000d6d80000,0x00000000d6f00000)
 ParOldGen       total 68608K, used 14758K [0x0000000080000000, 0x0000000084300000, 0x00000000d5580000)
  object space 68608K, 21% used [0x0000000080000000,0x0000000080e699d0,0x0000000084300000)
 Metaspace       used 27423K, committed 28288K, reserved 1114112K
  class space    used 2643K, committed 3008K, reserved 1048576K
}

